  [1m[35m (1.5ms)[0m  [1m[35mSET NAMES utf8mb4,  @@SESSION.sql_mode = CONCAT(CONCAT(@@sql_mode, ',STRICT_ALL_TABLES'), ',NO_AUTO_VALUE_ON_ZERO'),  @@SESSION.sql_auto_is_null = 0, @@SESSION.wait_timeout = 2147483[0m
  [1m[35m (1.5ms)[0m  [1m[35mCREATE DATABASE `blog_new_development` DEFAULT CHARACTER SET `utf8mb4`[0m
  [1m[35m (0.8ms)[0m  [1m[35mSET NAMES utf8mb4,  @@SESSION.sql_mode = CONCAT(CONCAT(@@sql_mode, ',STRICT_ALL_TABLES'), ',NO_AUTO_VALUE_ON_ZERO'),  @@SESSION.sql_auto_is_null = 0, @@SESSION.wait_timeout = 2147483[0m
  [1m[35m (1.5ms)[0m  [1m[35mCREATE DATABASE `blog_new_test` DEFAULT CHARACTER SET `utf8mb4`[0m
  [1m[35m (0.3ms)[0m  [1m[35mSET NAMES utf8mb4,  @@SESSION.sql_mode = CONCAT(CONCAT(@@sql_mode, ',STRICT_ALL_TABLES'), ',NO_AUTO_VALUE_ON_ZERO'),  @@SESSION.sql_auto_is_null = 0, @@SESSION.wait_timeout = 2147483[0m
  [1m[35m (18.8ms)[0m  [1m[35mCREATE TABLE `schema_migrations` (`version` varchar(255) NOT NULL PRIMARY KEY)[0m
  [1m[35m (17.6ms)[0m  [1m[35mCREATE TABLE `ar_internal_metadata` (`key` varchar(255) NOT NULL PRIMARY KEY, `value` varchar(255), `created_at` datetime(6) NOT NULL, `updated_at` datetime(6) NOT NULL)[0m
  [1m[35m (0.2ms)[0m  [1m[35mSET NAMES utf8mb4,  @@SESSION.sql_mode = CONCAT(CONCAT(@@sql_mode, ',STRICT_ALL_TABLES'), ',NO_AUTO_VALUE_ON_ZERO'),  @@SESSION.sql_auto_is_null = 0, @@SESSION.wait_timeout = 2147483[0m
  [1m[35m (0.2ms)[0m  [1m[34mSELECT GET_LOCK('7721542207370148045', 0)[0m
  [1m[35m (0.3ms)[0m  [1m[34mSELECT `schema_migrations`.`version` FROM `schema_migrations` ORDER BY `schema_migrations`.`version` ASC[0m
Migrating to CreatePosts (20201021103500)
  [1m[35m (17.2ms)[0m  [1m[35mCREATE TABLE `posts` (`id` bigint NOT NULL AUTO_INCREMENT PRIMARY KEY, `title` varchar(255), `body` varchar(255), `created_at` datetime(6) NOT NULL, `updated_at` datetime(6) NOT NULL)[0m
  [1m[35m (0.1ms)[0m  [1m[35mBEGIN[0m
  [1m[36mprimary::SchemaMigration Create (0.3ms)[0m  [1m[32mINSERT INTO `schema_migrations` (`version`) VALUES ('20201021103500')[0m
  [1m[35m (2.3ms)[0m  [1m[35mCOMMIT[0m
  [1m[36mActiveRecord::InternalMetadata Load (0.4ms)[0m  [1m[34mSELECT `ar_internal_metadata`.* FROM `ar_internal_metadata` WHERE `ar_internal_metadata`.`key` = 'environment' LIMIT 1[0m
  [1m[35m (0.2ms)[0m  [1m[35mBEGIN[0m
  [1m[36mActiveRecord::InternalMetadata Create (0.3ms)[0m  [1m[32mINSERT INTO `ar_internal_metadata` (`key`, `value`, `created_at`, `updated_at`) VALUES ('environment', 'development', '2020-10-21 10:35:52.461617', '2020-10-21 10:35:52.461617')[0m
  [1m[35m (2.5ms)[0m  [1m[35mCOMMIT[0m
  [1m[35m (0.2ms)[0m  [1m[34mSELECT RELEASE_LOCK('7721542207370148045')[0m
  [1m[35m (0.3ms)[0m  [1m[35mSET NAMES utf8mb4,  @@SESSION.sql_mode = CONCAT(CONCAT(@@sql_mode, ',STRICT_ALL_TABLES'), ',NO_AUTO_VALUE_ON_ZERO'),  @@SESSION.sql_auto_is_null = 0, @@SESSION.wait_timeout = 2147483[0m
  [1m[35m (0.2ms)[0m  [1m[34mSELECT `schema_migrations`.`version` FROM `schema_migrations` ORDER BY `schema_migrations`.`version` ASC[0m
DEPRECATION WARNING: Using `bin/rake routes` is deprecated and will be removed in Rails 6.1. Use `bin/rails routes` instead.
 (called from load at /home/mohamed/.rbenv/versions/2.7.0/bin/rake:23)
Started POST "/posts" for ::1 at 2020-10-21 12:39:01 +0200
  [1m[35m (0.3ms)[0m  [1m[35mSET NAMES utf8mb4,  @@SESSION.sql_mode = CONCAT(CONCAT(@@sql_mode, ',STRICT_ALL_TABLES'), ',NO_AUTO_VALUE_ON_ZERO'),  @@SESSION.sql_auto_is_null = 0, @@SESSION.wait_timeout = 2147483[0m
  [1m[35m (0.2ms)[0m  [1m[34mSELECT `schema_migrations`.`version` FROM `schema_migrations` ORDER BY `schema_migrations`.`version` ASC[0m
Processing by PostsController#create as */*
  Parameters: {"post"=>{"title"=>"mego", "body"=>"mego"}}
  [1m[35m (0.2ms)[0m  [1m[35mBEGIN[0m
  ↳ app/controllers/posts_controller.rb:20:in `create'
  [1m[36mPost Create (0.4ms)[0m  [1m[32mINSERT INTO `posts` (`title`, `body`, `created_at`, `updated_at`) VALUES ('mego', 'mego', '2020-10-21 10:39:01.537032', '2020-10-21 10:39:01.537032')[0m
  ↳ app/controllers/posts_controller.rb:20:in `create'
  [1m[35m (56.6ms)[0m  [1m[35mCOMMIT[0m
  ↳ app/controllers/posts_controller.rb:20:in `create'
Completed 201 Created in 78ms (Views: 0.7ms | ActiveRecord: 58.3ms | Allocations: 6930)


Started POST "/posts" for ::1 at 2020-10-21 13:00:08 +0200
  [1m[35m (0.2ms)[0m  [1m[35mSET NAMES utf8mb4,  @@SESSION.sql_mode = CONCAT(CONCAT(@@sql_mode, ',STRICT_ALL_TABLES'), ',NO_AUTO_VALUE_ON_ZERO'),  @@SESSION.sql_auto_is_null = 0, @@SESSION.wait_timeout = 2147483[0m
Processing by PostsController#create as */*
  Parameters: {"post"=>{"title"=>"mego", "body"=>"mego"}}
  [1m[35m (0.2ms)[0m  [1m[35mBEGIN[0m
  ↳ app/controllers/posts_controller.rb:20:in `create'
  [1m[36mPost Create (2.5ms)[0m  [1m[32mINSERT INTO `posts` (`title`, `body`, `created_at`, `updated_at`) VALUES ('mego', 'mego', '2020-10-21 11:00:08.688449', '2020-10-21 11:00:08.688449')[0m
  ↳ app/controllers/posts_controller.rb:20:in `create'
  [1m[35m (38.7ms)[0m  [1m[35mCOMMIT[0m
  ↳ app/controllers/posts_controller.rb:20:in `create'
Completed 201 Created in 48ms (Views: 0.6ms | ActiveRecord: 41.3ms | Allocations: 2669)


Started POST "/posts" for ::1 at 2020-10-21 13:01:25 +0200
Processing by PostsController#create as */*
  Parameters: {"post"=>{"title"=>"mego", "body"=>"mego"}}
  [1m[35m (0.2ms)[0m  [1m[35mBEGIN[0m
  ↳ app/controllers/posts_controller.rb:20:in `create'
  [1m[36mPost Create (0.3ms)[0m  [1m[32mINSERT INTO `posts` (`title`, `body`, `created_at`, `updated_at`) VALUES ('mego', 'mego', '2020-10-21 11:01:25.446940', '2020-10-21 11:01:25.446940')[0m
  ↳ app/controllers/posts_controller.rb:20:in `create'
  [1m[35m (14.3ms)[0m  [1m[35mCOMMIT[0m
  ↳ app/controllers/posts_controller.rb:20:in `create'
Completed 201 Created in 21ms (Views: 0.6ms | ActiveRecord: 14.7ms | Allocations: 2676)


Started POST "/posts" for ::1 at 2020-10-21 13:02:37 +0200
Processing by PostsController#create as */*
  Parameters: {"post"=>{"title"=>"mego", "body"=>"mego"}}
  [1m[35m (0.2ms)[0m  [1m[35mBEGIN[0m
  ↳ app/controllers/posts_controller.rb:20:in `create'
  [1m[36mPost Create (1.0ms)[0m  [1m[32mINSERT INTO `posts` (`title`, `body`, `created_at`, `updated_at`) VALUES ('mego', 'mego', '2020-10-21 11:02:37.146397', '2020-10-21 11:02:37.146397')[0m
  ↳ app/controllers/posts_controller.rb:20:in `create'
  [1m[35m (17.8ms)[0m  [1m[35mCOMMIT[0m
  ↳ app/controllers/posts_controller.rb:20:in `create'
Completed 201 Created in 28ms (Views: 0.5ms | ActiveRecord: 18.9ms | Allocations: 2676)


Started POST "/posts" for ::1 at 2020-10-21 13:03:31 +0200
Processing by PostsController#create as */*
  Parameters: {"post"=>{"title"=>"mego", "body"=>"mego"}}
  [1m[35m (0.3ms)[0m  [1m[35mBEGIN[0m
  ↳ app/controllers/posts_controller.rb:20:in `create'
  [1m[36mPost Create (1.0ms)[0m  [1m[32mINSERT INTO `posts` (`title`, `body`, `created_at`, `updated_at`) VALUES ('mego', 'mego', '2020-10-21 11:03:31.431404', '2020-10-21 11:03:31.431404')[0m
  ↳ app/controllers/posts_controller.rb:20:in `create'
  [1m[35m (6.4ms)[0m  [1m[35mCOMMIT[0m
  ↳ app/controllers/posts_controller.rb:20:in `create'
Completed 201 Created in 24ms (Views: 0.6ms | ActiveRecord: 7.7ms | Allocations: 2676)


Started POST "/posts" for ::1 at 2020-10-21 13:05:46 +0200
Processing by PostsController#create as */*
  Parameters: {"post"=>{"title"=>"mego", "body"=>"mego"}}
  [1m[35m (0.2ms)[0m  [1m[35mBEGIN[0m
  ↳ app/controllers/posts_controller.rb:20:in `create'
  [1m[36mPost Create (0.9ms)[0m  [1m[32mINSERT INTO `posts` (`title`, `body`, `created_at`, `updated_at`) VALUES ('mego', 'mego', '2020-10-21 11:05:46.569697', '2020-10-21 11:05:46.569697')[0m
  ↳ app/controllers/posts_controller.rb:20:in `create'
  [1m[35m (26.5ms)[0m  [1m[35mCOMMIT[0m
  ↳ app/controllers/posts_controller.rb:20:in `create'
Completed 201 Created in 42ms (Views: 0.5ms | ActiveRecord: 27.6ms | Allocations: 2658)


Started POST "/posts" for ::1 at 2020-10-21 13:07:52 +0200
Processing by PostsController#create as */*
  Parameters: {"post"=>{"title"=>"mego", "body"=>"mego"}}
  [1m[35m (0.2ms)[0m  [1m[35mBEGIN[0m
  ↳ app/controllers/posts_controller.rb:20:in `create'
  [1m[36mPost Create (0.3ms)[0m  [1m[32mINSERT INTO `posts` (`title`, `body`, `created_at`, `updated_at`) VALUES ('mego', 'mego', '2020-10-21 11:07:52.014277', '2020-10-21 11:07:52.014277')[0m
  ↳ app/controllers/posts_controller.rb:20:in `create'
  [1m[35m (27.2ms)[0m  [1m[35mCOMMIT[0m
  ↳ app/controllers/posts_controller.rb:20:in `create'
Completed 201 Created in 33ms (Views: 0.5ms | ActiveRecord: 27.7ms | Allocations: 2658)


Started POST "/posts" for ::1 at 2020-10-21 13:10:19 +0200
Processing by PostsController#create as */*
  Parameters: {"post"=>{"title"=>"mego", "body"=>"mego"}}
  [1m[35m (0.9ms)[0m  [1m[35mBEGIN[0m
  ↳ app/controllers/posts_controller.rb:20:in `create'
  [1m[36mPost Create (0.9ms)[0m  [1m[32mINSERT INTO `posts` (`title`, `body`, `created_at`, `updated_at`) VALUES ('mego', 'mego', '2020-10-21 11:10:19.856771', '2020-10-21 11:10:19.856771')[0m
  ↳ app/controllers/posts_controller.rb:20:in `create'
  [1m[35m (24.9ms)[0m  [1m[35mCOMMIT[0m
  ↳ app/controllers/posts_controller.rb:20:in `create'
Completed 201 Created in 34ms (Views: 0.7ms | ActiveRecord: 26.6ms | Allocations: 2658)


Started POST "/posts" for ::1 at 2020-10-21 13:18:08 +0200
  [1m[35m (0.3ms)[0m  [1m[35mSET NAMES utf8mb4,  @@SESSION.sql_mode = CONCAT(CONCAT(@@sql_mode, ',STRICT_ALL_TABLES'), ',NO_AUTO_VALUE_ON_ZERO'),  @@SESSION.sql_auto_is_null = 0, @@SESSION.wait_timeout = 2147483[0m
Processing by PostsController#create as */*
  Parameters: {"post"=>{"title"=>"mego", "body"=>"mego"}}
  [1m[35m (0.2ms)[0m  [1m[35mBEGIN[0m
  ↳ app/controllers/posts_controller.rb:19:in `create'
  [1m[36mPost Create (0.6ms)[0m  [1m[32mINSERT INTO `posts` (`title`, `body`, `created_at`, `updated_at`) VALUES ('mego', 'mego', '2020-10-21 11:18:09.064134', '2020-10-21 11:18:09.064134')[0m
  ↳ app/controllers/posts_controller.rb:19:in `create'
  [1m[35m (2.2ms)[0m  [1m[35mCOMMIT[0m
  ↳ app/controllers/posts_controller.rb:19:in `create'
Completed 201 Created in 26ms (Views: 0.8ms | ActiveRecord: 2.9ms | Allocations: 6265)


Started POST "/posts" for ::1 at 2020-10-21 13:18:38 +0200
Processing by PostsController#create as */*
  Parameters: {"post"=>{"title"=>"mego", "body"=>"mego"}}
  [1m[35m (0.8ms)[0m  [1m[35mBEGIN[0m
  ↳ app/controllers/posts_controller.rb:19:in `create'
  [1m[36mPost Create (1.1ms)[0m  [1m[32mINSERT INTO `posts` (`title`, `body`, `created_at`, `updated_at`) VALUES ('mego', 'mego', '2020-10-21 11:18:38.713590', '2020-10-21 11:18:38.713590')[0m
  ↳ app/controllers/posts_controller.rb:19:in `create'
  [1m[35m (29.4ms)[0m  [1m[35mCOMMIT[0m
  ↳ app/controllers/posts_controller.rb:19:in `create'
Completed 201 Created in 39ms (Views: 1.1ms | ActiveRecord: 31.4ms | Allocations: 2670)


Started POST "/posts" for ::1 at 2020-10-21 13:19:36 +0200
Processing by PostsController#create as */*
  Parameters: {"post"=>{"title"=>"wego", "body"=>"wego"}}
  [1m[35m (1.4ms)[0m  [1m[35mBEGIN[0m
  ↳ app/controllers/posts_controller.rb:19:in `create'
  [1m[36mPost Create (13.9ms)[0m  [1m[32mINSERT INTO `posts` (`title`, `body`, `created_at`, `updated_at`) VALUES ('wego', 'wego', '2020-10-21 11:19:36.708523', '2020-10-21 11:19:36.708523')[0m
  ↳ app/controllers/posts_controller.rb:19:in `create'
  [1m[35m (17.3ms)[0m  [1m[35mCOMMIT[0m
  ↳ app/controllers/posts_controller.rb:19:in `create'
Completed 201 Created in 55ms (Views: 2.4ms | ActiveRecord: 32.6ms | Allocations: 2670)


